==============================================================================
20170123 10:11:56.335 - INFO - + START SUITE: Acceptancetest [ ]
==============================================================================
20170123 10:11:56.413 - INFO - +- START SUITE: Acceptancetest.TicTacToeTests [ ]
==============================================================================
20170123 10:11:56.421 - INFO - +-- START TEST: Win Diagonally as X [ ]
------------------------------------------------------------------------------
20170123 10:11:56.429 - INFO - +--- START KW: keywords.TicTacToeKeywords.Start New Game [ ]
20170123 10:11:56.438 - INFO - +--- END KW: keywords.TicTacToeKeywords.Start New Game (7)
~~~~~~~~~~~~~~~~~~~~~~~~~~~~~~~~~~~~~~~~~~~~~~~~~~~~~~~~~~~~~~~~~~~~~~~~~~~~~~
20170123 10:11:56.441 - INFO - +--- START KW: keywords.TicTacToeKeywords.Mark Location [ 1 | 1 ]
20170123 10:11:56.447 - INFO - +--- END KW: keywords.TicTacToeKeywords.Mark Location (6)
~~~~~~~~~~~~~~~~~~~~~~~~~~~~~~~~~~~~~~~~~~~~~~~~~~~~~~~~~~~~~~~~~~~~~~~~~~~~~~
20170123 10:11:56.449 - INFO - +--- START KW: Check Location [ 1 | 1 | X ]
20170123 10:11:56.460 - INFO - +---- START KW: keywords.TicTacToeKeywords.Get Mark [ ${row} | ${col} ]
20170123 10:11:56.469 - INFO - ${m} = X
20170123 10:11:56.472 - INFO - +---- END KW: keywords.TicTacToeKeywords.Get Mark (11)
20170123 10:11:56.476 - INFO - +---- START KW: BuiltIn.Should Be Equal [ ${m} | ${mark} ]
20170123 10:11:56.487 - INFO - +---- END KW: BuiltIn.Should Be Equal (10)
20170123 10:11:56.493 - INFO - +--- END KW: Check Location (43)
~~~~~~~~~~~~~~~~~~~~~~~~~~~~~~~~~~~~~~~~~~~~~~~~~~~~~~~~~~~~~~~~~~~~~~~~~~~~~~
20170123 10:11:56.495 - INFO - +--- START KW: keywords.TicTacToeKeywords.Mark Location [ 0 | 1 ]
20170123 10:11:56.500 - INFO - +--- END KW: keywords.TicTacToeKeywords.Mark Location (5)
~~~~~~~~~~~~~~~~~~~~~~~~~~~~~~~~~~~~~~~~~~~~~~~~~~~~~~~~~~~~~~~~~~~~~~~~~~~~~~
20170123 10:11:56.502 - INFO - +--- START KW: Check Location [ 0 | 1 | O ]
20170123 10:11:56.509 - INFO - +---- START KW: keywords.TicTacToeKeywords.Get Mark [ ${row} | ${col} ]
20170123 10:11:56.516 - INFO - ${m} = O
20170123 10:11:56.519 - INFO - +---- END KW: keywords.TicTacToeKeywords.Get Mark (8)
20170123 10:11:56.520 - INFO - +---- START KW: BuiltIn.Should Be Equal [ ${m} | ${mark} ]
20170123 10:11:56.529 - INFO - +---- END KW: BuiltIn.Should Be Equal (8)
20170123 10:11:56.532 - INFO - +--- END KW: Check Location (29)
~~~~~~~~~~~~~~~~~~~~~~~~~~~~~~~~~~~~~~~~~~~~~~~~~~~~~~~~~~~~~~~~~~~~~~~~~~~~~~
20170123 10:11:56.534 - INFO - +--- START KW: keywords.TicTacToeKeywords.Mark Location [ 0 | 0 ]
20170123 10:11:56.541 - INFO - +--- END KW: keywords.TicTacToeKeywords.Mark Location (6)
~~~~~~~~~~~~~~~~~~~~~~~~~~~~~~~~~~~~~~~~~~~~~~~~~~~~~~~~~~~~~~~~~~~~~~~~~~~~~~
20170123 10:11:56.543 - INFO - +--- START KW: Check Location [ 0 | 0 | X ]
20170123 10:11:56.549 - INFO - +---- START KW: keywords.TicTacToeKeywords.Get Mark [ ${row} | ${col} ]
20170123 10:11:56.556 - INFO - ${m} = X
20170123 10:11:56.560 - INFO - +---- END KW: keywords.TicTacToeKeywords.Get Mark (9)
20170123 10:11:56.561 - INFO - +---- START KW: BuiltIn.Should Be Equal [ ${m} | ${mark} ]
20170123 10:11:56.568 - INFO - +---- END KW: BuiltIn.Should Be Equal (6)
20170123 10:11:56.573 - INFO - +--- END KW: Check Location (27)
~~~~~~~~~~~~~~~~~~~~~~~~~~~~~~~~~~~~~~~~~~~~~~~~~~~~~~~~~~~~~~~~~~~~~~~~~~~~~~
20170123 10:11:56.574 - INFO - +--- START KW: keywords.TicTacToeKeywords.Mark Location [ 0 | 2 ]
20170123 10:11:56.581 - INFO - +--- END KW: keywords.TicTacToeKeywords.Mark Location (6)
~~~~~~~~~~~~~~~~~~~~~~~~~~~~~~~~~~~~~~~~~~~~~~~~~~~~~~~~~~~~~~~~~~~~~~~~~~~~~~
20170123 10:11:56.583 - INFO - +--- START KW: Check Location [ 0 | 2 | O ]
20170123 10:11:56.589 - INFO - +---- START KW: keywords.TicTacToeKeywords.Get Mark [ ${row} | ${col} ]
20170123 10:11:56.596 - INFO - ${m} = O
20170123 10:11:56.599 - INFO - +---- END KW: keywords.TicTacToeKeywords.Get Mark (9)
20170123 10:11:56.601 - INFO - +---- START KW: BuiltIn.Should Be Equal [ ${m} | ${mark} ]
20170123 10:11:56.609 - INFO - +---- END KW: BuiltIn.Should Be Equal (7)
20170123 10:11:56.612 - INFO - +--- END KW: Check Location (29)
~~~~~~~~~~~~~~~~~~~~~~~~~~~~~~~~~~~~~~~~~~~~~~~~~~~~~~~~~~~~~~~~~~~~~~~~~~~~~~
20170123 10:11:56.614 - INFO - +--- START KW: keywords.TicTacToeKeywords.Mark Location [ 2 | 2 ]
20170123 10:11:56.620 - INFO - +--- END KW: keywords.TicTacToeKeywords.Mark Location (4)
~~~~~~~~~~~~~~~~~~~~~~~~~~~~~~~~~~~~~~~~~~~~~~~~~~~~~~~~~~~~~~~~~~~~~~~~~~~~~~
20170123 10:11:56.621 - INFO - +--- START KW: Check Location [ 2 | 2 | X ]
20170123 10:11:56.627 - INFO - +---- START KW: keywords.TicTacToeKeywords.Get Mark [ ${row} | ${col} ]
20170123 10:11:56.635 - INFO - ${m} = X
20170123 10:11:56.638 - INFO - +---- END KW: keywords.TicTacToeKeywords.Get Mark (10)
20170123 10:11:56.640 - INFO - +---- START KW: BuiltIn.Should Be Equal [ ${m} | ${mark} ]
20170123 10:11:56.648 - INFO - +---- END KW: BuiltIn.Should Be Equal (6)
20170123 10:11:56.651 - INFO - +--- END KW: Check Location (29)
~~~~~~~~~~~~~~~~~~~~~~~~~~~~~~~~~~~~~~~~~~~~~~~~~~~~~~~~~~~~~~~~~~~~~~~~~~~~~~
20170123 10:11:56.653 - INFO - +--- START KW: Winner Should Be [ X ]
20170123 10:11:56.659 - INFO - +---- START KW: keywords.TicTacToeKeywords.Get Winner [ ]
20170123 10:11:56.664 - INFO - ${m} = X
20170123 10:11:56.667 - INFO - +---- END KW: keywords.TicTacToeKeywords.Get Winner (8)
20170123 10:11:56.668 - INFO - +---- START KW: BuiltIn.Should Be Equal [ ${m} | ${mark} ]
20170123 10:11:56.676 - INFO - +---- END KW: BuiltIn.Should Be Equal (7)
20170123 10:11:56.679 - INFO - +--- END KW: Winner Should Be (25)
------------------------------------------------------------------------------
20170123 10:11:56.684 - INFO - +-- END TEST: Win Diagonally as X (261)
------------------------------------------------------------------------------
20170123 10:11:56.687 - INFO - +-- START TEST: Win Horizontally as O [ ]
------------------------------------------------------------------------------
20170123 10:11:56.692 - INFO - +--- START KW: keywords.TicTacToeKeywords.Start New Game [ ]
20170123 10:11:56.698 - INFO - +--- END KW: keywords.TicTacToeKeywords.Start New Game (4)
~~~~~~~~~~~~~~~~~~~~~~~~~~~~~~~~~~~~~~~~~~~~~~~~~~~~~~~~~~~~~~~~~~~~~~~~~~~~~~
20170123 10:11:56.700 - INFO - +--- START KW: keywords.TicTacToeKeywords.Mark Location [ 1 | 1 ]
20170123 10:11:56.707 - INFO - +--- END KW: keywords.TicTacToeKeywords.Mark Location (6)
~~~~~~~~~~~~~~~~~~~~~~~~~~~~~~~~~~~~~~~~~~~~~~~~~~~~~~~~~~~~~~~~~~~~~~~~~~~~~~
20170123 10:11:56.709 - INFO - +--- START KW: Check Location [ 1 | 1 | X ]
20170123 10:11:56.714 - INFO - +---- START KW: keywords.TicTacToeKeywords.Get Mark [ ${row} | ${col} ]
20170123 10:11:56.719 - INFO - ${m} = X
20170123 10:11:56.721 - INFO - +---- END KW: keywords.TicTacToeKeywords.Get Mark (6)
20170123 10:11:56.723 - INFO - +---- START KW: BuiltIn.Should Be Equal [ ${m} | ${mark} ]
20170123 10:11:56.730 - INFO - +---- END KW: BuiltIn.Should Be Equal (6)
20170123 10:11:56.733 - INFO - +--- END KW: Check Location (24)
~~~~~~~~~~~~~~~~~~~~~~~~~~~~~~~~~~~~~~~~~~~~~~~~~~~~~~~~~~~~~~~~~~~~~~~~~~~~~~
20170123 10:11:56.735 - INFO - +--- START KW: keywords.TicTacToeKeywords.Mark Location [ 2 | 0 ]
20170123 10:11:56.741 - INFO - +--- END KW: keywords.TicTacToeKeywords.Mark Location (6)
~~~~~~~~~~~~~~~~~~~~~~~~~~~~~~~~~~~~~~~~~~~~~~~~~~~~~~~~~~~~~~~~~~~~~~~~~~~~~~
20170123 10:11:56.743 - INFO - +--- START KW: Check Location [ 2 | 0 | O ]
20170123 10:11:56.749 - INFO - +---- START KW: keywords.TicTacToeKeywords.Get Mark [ ${row} | ${col} ]
20170123 10:11:56.756 - INFO - ${m} = O
20170123 10:11:56.759 - INFO - +---- END KW: keywords.TicTacToeKeywords.Get Mark (10)
20170123 10:11:56.760 - INFO - +---- START KW: BuiltIn.Should Be Equal [ ${m} | ${mark} ]
20170123 10:11:56.767 - INFO - +---- END KW: BuiltIn.Should Be Equal (6)
20170123 10:11:56.769 - INFO - +--- END KW: Check Location (26)
~~~~~~~~~~~~~~~~~~~~~~~~~~~~~~~~~~~~~~~~~~~~~~~~~~~~~~~~~~~~~~~~~~~~~~~~~~~~~~
20170123 10:11:56.771 - INFO - +--- START KW: keywords.TicTacToeKeywords.Mark Location [ 0 | 0 ]
20170123 10:11:56.777 - INFO - +--- END KW: keywords.TicTacToeKeywords.Mark Location (5)
~~~~~~~~~~~~~~~~~~~~~~~~~~~~~~~~~~~~~~~~~~~~~~~~~~~~~~~~~~~~~~~~~~~~~~~~~~~~~~
20170123 10:11:56.779 - INFO - +--- START KW: Check Location [ 0 | 0 | X ]
20170123 10:11:56.787 - INFO - +---- START KW: keywords.TicTacToeKeywords.Get Mark [ ${row} | ${col} ]
20170123 10:11:56.795 - INFO - ${m} = X
20170123 10:11:56.798 - INFO - +---- END KW: keywords.TicTacToeKeywords.Get Mark (11)
20170123 10:11:56.800 - INFO - +---- START KW: BuiltIn.Should Be Equal [ ${m} | ${mark} ]
20170123 10:11:56.809 - INFO - +---- END KW: BuiltIn.Should Be Equal (7)
20170123 10:11:56.811 - INFO - +--- END KW: Check Location (32)
~~~~~~~~~~~~~~~~~~~~~~~~~~~~~~~~~~~~~~~~~~~~~~~~~~~~~~~~~~~~~~~~~~~~~~~~~~~~~~
20170123 10:11:56.813 - INFO - +--- START KW: keywords.TicTacToeKeywords.Mark Location [ 2 | 2 ]
20170123 10:11:56.819 - INFO - +--- END KW: keywords.TicTacToeKeywords.Mark Location (5)
~~~~~~~~~~~~~~~~~~~~~~~~~~~~~~~~~~~~~~~~~~~~~~~~~~~~~~~~~~~~~~~~~~~~~~~~~~~~~~
20170123 10:11:56.821 - INFO - +--- START KW: Check Location [ 2 | 2 | O ]
20170123 10:11:56.826 - INFO - +---- START KW: keywords.TicTacToeKeywords.Get Mark [ ${row} | ${col} ]
20170123 10:11:56.869 - INFO - ${m} = O
20170123 10:11:56.874 - INFO - +---- END KW: keywords.TicTacToeKeywords.Get Mark (46)
20170123 10:11:56.876 - INFO - +---- START KW: BuiltIn.Should Be Equal [ ${m} | ${mark} ]
20170123 10:11:56.884 - INFO - +---- END KW: BuiltIn.Should Be Equal (7)
20170123 10:11:56.887 - INFO - +--- END KW: Check Location (65)
~~~~~~~~~~~~~~~~~~~~~~~~~~~~~~~~~~~~~~~~~~~~~~~~~~~~~~~~~~~~~~~~~~~~~~~~~~~~~~
20170123 10:11:56.889 - INFO - +--- START KW: keywords.TicTacToeKeywords.Mark Location [ 0 | 2 ]
20170123 10:11:56.896 - INFO - +--- END KW: keywords.TicTacToeKeywords.Mark Location (6)
~~~~~~~~~~~~~~~~~~~~~~~~~~~~~~~~~~~~~~~~~~~~~~~~~~~~~~~~~~~~~~~~~~~~~~~~~~~~~~
20170123 10:11:56.897 - INFO - +--- START KW: Check Location [ 0 | 2 | X ]
20170123 10:11:56.902 - INFO - +---- START KW: keywords.TicTacToeKeywords.Get Mark [ ${row} | ${col} ]
20170123 10:11:56.908 - INFO - ${m} = X
20170123 10:11:56.911 - INFO - +---- END KW: keywords.TicTacToeKeywords.Get Mark (7)
20170123 10:11:56.912 - INFO - +---- START KW: BuiltIn.Should Be Equal [ ${m} | ${mark} ]
20170123 10:11:56.919 - INFO - +---- END KW: BuiltIn.Should Be Equal (6)
20170123 10:11:56.921 - INFO - +--- END KW: Check Location (23)
~~~~~~~~~~~~~~~~~~~~~~~~~~~~~~~~~~~~~~~~~~~~~~~~~~~~~~~~~~~~~~~~~~~~~~~~~~~~~~
20170123 10:11:56.923 - INFO - +--- START KW: keywords.TicTacToeKeywords.Mark Location [ 2 | 1 ]
20170123 10:11:56.928 - INFO - +--- END KW: keywords.TicTacToeKeywords.Mark Location (5)
~~~~~~~~~~~~~~~~~~~~~~~~~~~~~~~~~~~~~~~~~~~~~~~~~~~~~~~~~~~~~~~~~~~~~~~~~~~~~~
20170123 10:11:56.930 - INFO - +--- START KW: Check Location [ 2 | 1 | O ]
20170123 10:11:56.935 - INFO - +---- START KW: keywords.TicTacToeKeywords.Get Mark [ ${row} | ${col} ]
20170123 10:11:56.941 - INFO - ${m} = O
20170123 10:11:56.943 - INFO - +---- END KW: keywords.TicTacToeKeywords.Get Mark (8)
20170123 10:11:56.948 - INFO - +---- START KW: BuiltIn.Should Be Equal [ ${m} | ${mark} ]
20170123 10:11:56.956 - INFO - +---- END KW: BuiltIn.Should Be Equal (8)
20170123 10:11:56.972 - INFO - +--- END KW: Check Location (30)
~~~~~~~~~~~~~~~~~~~~~~~~~~~~~~~~~~~~~~~~~~~~~~~~~~~~~~~~~~~~~~~~~~~~~~~~~~~~~~
20170123 10:11:56.974 - INFO - +--- START KW: Winner Should Be [ O ]
20170123 10:11:56.978 - INFO - +---- START KW: keywords.TicTacToeKeywords.Get Winner [ ]
20170123 10:11:56.982 - INFO - ${m} = O
20170123 10:11:56.984 - INFO - +---- END KW: keywords.TicTacToeKeywords.Get Winner (6)
20170123 10:11:56.986 - INFO - +---- START KW: BuiltIn.Should Be Equal [ ${m} | ${mark} ]
20170123 10:11:56.991 - INFO - +---- END KW: BuiltIn.Should Be Equal (5)
20170123 10:11:56.993 - INFO - +--- END KW: Winner Should Be (19)
------------------------------------------------------------------------------
20170123 10:11:56.998 - INFO - +-- END TEST: Win Horizontally as O (309)
------------------------------------------------------------------------------
20170123 10:11:57.000 - INFO - +-- START TEST: Force a Tie [ ]
------------------------------------------------------------------------------
20170123 10:11:57.005 - INFO - +--- START KW: keywords.TicTacToeKeywords.Start New Game [ ]
20170123 10:11:57.031 - INFO - +--- END KW: keywords.TicTacToeKeywords.Start New Game (23)
~~~~~~~~~~~~~~~~~~~~~~~~~~~~~~~~~~~~~~~~~~~~~~~~~~~~~~~~~~~~~~~~~~~~~~~~~~~~~~
20170123 10:11:57.033 - INFO - +--- START KW: keywords.TicTacToeKeywords.Mark Location [ 1 | 1 ]
20170123 10:11:57.038 - INFO - +--- END KW: keywords.TicTacToeKeywords.Mark Location (5)
~~~~~~~~~~~~~~~~~~~~~~~~~~~~~~~~~~~~~~~~~~~~~~~~~~~~~~~~~~~~~~~~~~~~~~~~~~~~~~
20170123 10:11:57.039 - INFO - +--- START KW: Check Location [ 1 | 1 | X ]
20170123 10:11:57.044 - INFO - +---- START KW: keywords.TicTacToeKeywords.Get Mark [ ${row} | ${col} ]
20170123 10:11:57.048 - INFO - ${m} = X
20170123 10:11:57.051 - INFO - +---- END KW: keywords.TicTacToeKeywords.Get Mark (7)
20170123 10:11:57.052 - INFO - +---- START KW: BuiltIn.Should Be Equal [ ${m} | ${mark} ]
20170123 10:11:57.061 - INFO - +---- END KW: BuiltIn.Should Be Equal (9)
20170123 10:11:57.064 - INFO - +--- END KW: Check Location (24)
~~~~~~~~~~~~~~~~~~~~~~~~~~~~~~~~~~~~~~~~~~~~~~~~~~~~~~~~~~~~~~~~~~~~~~~~~~~~~~
20170123 10:11:57.066 - INFO - +--- START KW: keywords.TicTacToeKeywords.Mark Location [ 0 | 0 ]
20170123 10:11:57.072 - INFO - +--- END KW: keywords.TicTacToeKeywords.Mark Location (6)
~~~~~~~~~~~~~~~~~~~~~~~~~~~~~~~~~~~~~~~~~~~~~~~~~~~~~~~~~~~~~~~~~~~~~~~~~~~~~~
20170123 10:11:57.075 - INFO - +--- START KW: Check Location [ 0 | 0 | O ]
20170123 10:11:57.080 - INFO - +---- START KW: keywords.TicTacToeKeywords.Get Mark [ ${row} | ${col} ]
20170123 10:11:57.087 - INFO - ${m} = O
20170123 10:11:57.091 - INFO - +---- END KW: keywords.TicTacToeKeywords.Get Mark (10)
20170123 10:11:57.092 - INFO - +---- START KW: BuiltIn.Should Be Equal [ ${m} | ${mark} ]
20170123 10:11:57.099 - INFO - +---- END KW: BuiltIn.Should Be Equal (7)
20170123 10:11:57.101 - INFO - +--- END KW: Check Location (27)
~~~~~~~~~~~~~~~~~~~~~~~~~~~~~~~~~~~~~~~~~~~~~~~~~~~~~~~~~~~~~~~~~~~~~~~~~~~~~~
20170123 10:11:57.104 - INFO - +--- START KW: keywords.TicTacToeKeywords.Mark Location [ 2 | 0 ]
20170123 10:11:57.110 - INFO - +--- END KW: keywords.TicTacToeKeywords.Mark Location (6)
~~~~~~~~~~~~~~~~~~~~~~~~~~~~~~~~~~~~~~~~~~~~~~~~~~~~~~~~~~~~~~~~~~~~~~~~~~~~~~
20170123 10:11:57.111 - INFO - +--- START KW: Check Location [ 2 | 0 | X ]
20170123 10:11:57.116 - INFO - +---- START KW: keywords.TicTacToeKeywords.Get Mark [ ${row} | ${col} ]
20170123 10:11:57.121 - INFO - ${m} = X
20170123 10:11:57.123 - INFO - +---- END KW: keywords.TicTacToeKeywords.Get Mark (6)
20170123 10:11:57.125 - INFO - +---- START KW: BuiltIn.Should Be Equal [ ${m} | ${mark} ]
20170123 10:11:57.130 - INFO - +---- END KW: BuiltIn.Should Be Equal (5)
20170123 10:11:57.132 - INFO - +--- END KW: Check Location (20)
~~~~~~~~~~~~~~~~~~~~~~~~~~~~~~~~~~~~~~~~~~~~~~~~~~~~~~~~~~~~~~~~~~~~~~~~~~~~~~
20170123 10:11:57.134 - INFO - +--- START KW: keywords.TicTacToeKeywords.Mark Location [ 0 | 2 ]
20170123 10:11:57.138 - INFO - +--- END KW: keywords.TicTacToeKeywords.Mark Location (4)
~~~~~~~~~~~~~~~~~~~~~~~~~~~~~~~~~~~~~~~~~~~~~~~~~~~~~~~~~~~~~~~~~~~~~~~~~~~~~~
20170123 10:11:57.139 - INFO - +--- START KW: Check Location [ 0 | 2 | O ]
20170123 10:11:57.143 - INFO - +---- START KW: keywords.TicTacToeKeywords.Get Mark [ ${row} | ${col} ]
20170123 10:11:57.148 - INFO - ${m} = O
20170123 10:11:57.149 - INFO - +---- END KW: keywords.TicTacToeKeywords.Get Mark (6)
20170123 10:11:57.151 - INFO - +---- START KW: BuiltIn.Should Be Equal [ ${m} | ${mark} ]
20170123 10:11:57.158 - INFO - +---- END KW: BuiltIn.Should Be Equal (6)
20170123 10:11:57.160 - INFO - +--- END KW: Check Location (20)
~~~~~~~~~~~~~~~~~~~~~~~~~~~~~~~~~~~~~~~~~~~~~~~~~~~~~~~~~~~~~~~~~~~~~~~~~~~~~~
20170123 10:11:57.162 - INFO - +--- START KW: keywords.TicTacToeKeywords.Mark Location [ 0 | 1 ]
20170123 10:11:57.168 - INFO - +--- END KW: keywords.TicTacToeKeywords.Mark Location (6)
~~~~~~~~~~~~~~~~~~~~~~~~~~~~~~~~~~~~~~~~~~~~~~~~~~~~~~~~~~~~~~~~~~~~~~~~~~~~~~
20170123 10:11:57.169 - INFO - +--- START KW: Check Location [ 0 | 1 | X ]
20170123 10:11:57.175 - INFO - +---- START KW: keywords.TicTacToeKeywords.Get Mark [ ${row} | ${col} ]
20170123 10:11:57.181 - INFO - ${m} = X
20170123 10:11:57.183 - INFO - +---- END KW: keywords.TicTacToeKeywords.Get Mark (8)
20170123 10:11:57.185 - INFO - +---- START KW: BuiltIn.Should Be Equal [ ${m} | ${mark} ]
20170123 10:11:57.190 - INFO - +---- END KW: BuiltIn.Should Be Equal (5)
20170123 10:11:57.192 - INFO - +--- END KW: Check Location (22)
~~~~~~~~~~~~~~~~~~~~~~~~~~~~~~~~~~~~~~~~~~~~~~~~~~~~~~~~~~~~~~~~~~~~~~~~~~~~~~
20170123 10:11:57.194 - INFO - +--- START KW: keywords.TicTacToeKeywords.Mark Location [ 2 | 1 ]
20170123 10:11:57.199 - INFO - +--- END KW: keywords.TicTacToeKeywords.Mark Location (5)
~~~~~~~~~~~~~~~~~~~~~~~~~~~~~~~~~~~~~~~~~~~~~~~~~~~~~~~~~~~~~~~~~~~~~~~~~~~~~~
20170123 10:11:57.200 - INFO - +--- START KW: Check Location [ 2 | 1 | O ]
20170123 10:11:57.205 - INFO - +---- START KW: keywords.TicTacToeKeywords.Get Mark [ ${row} | ${col} ]
20170123 10:11:57.211 - INFO - ${m} = O
20170123 10:11:57.214 - INFO - +---- END KW: keywords.TicTacToeKeywords.Get Mark (9)
20170123 10:11:57.215 - INFO - +---- START KW: BuiltIn.Should Be Equal [ ${m} | ${mark} ]
20170123 10:11:57.221 - INFO - +---- END KW: BuiltIn.Should Be Equal (5)
20170123 10:11:57.224 - INFO - +--- END KW: Check Location (23)
~~~~~~~~~~~~~~~~~~~~~~~~~~~~~~~~~~~~~~~~~~~~~~~~~~~~~~~~~~~~~~~~~~~~~~~~~~~~~~
20170123 10:11:57.226 - INFO - +--- START KW: keywords.TicTacToeKeywords.Mark Location [ 1 | 2 ]
20170123 10:11:57.230 - INFO - +--- END KW: keywords.TicTacToeKeywords.Mark Location (4)
~~~~~~~~~~~~~~~~~~~~~~~~~~~~~~~~~~~~~~~~~~~~~~~~~~~~~~~~~~~~~~~~~~~~~~~~~~~~~~
20170123 10:11:57.231 - INFO - +--- START KW: Check Location [ 1 | 2 | X ]
20170123 10:11:57.236 - INFO - +---- START KW: keywords.TicTacToeKeywords.Get Mark [ ${row} | ${col} ]
20170123 10:11:57.241 - INFO - ${m} = X
20170123 10:11:57.243 - INFO - +---- END KW: keywords.TicTacToeKeywords.Get Mark (7)
20170123 10:11:57.245 - INFO - +---- START KW: BuiltIn.Should Be Equal [ ${m} | ${mark} ]
20170123 10:11:57.250 - INFO - +---- END KW: BuiltIn.Should Be Equal (5)
20170123 10:11:57.252 - INFO - +--- END KW: Check Location (20)
~~~~~~~~~~~~~~~~~~~~~~~~~~~~~~~~~~~~~~~~~~~~~~~~~~~~~~~~~~~~~~~~~~~~~~~~~~~~~~
20170123 10:11:57.254 - INFO - +--- START KW: keywords.TicTacToeKeywords.Mark Location [ 1 | 0 ]
20170123 10:11:57.259 - INFO - +--- END KW: keywords.TicTacToeKeywords.Mark Location (5)
~~~~~~~~~~~~~~~~~~~~~~~~~~~~~~~~~~~~~~~~~~~~~~~~~~~~~~~~~~~~~~~~~~~~~~~~~~~~~~
20170123 10:11:57.261 - INFO - +--- START KW: Check Location [ 1 | 0 | O ]
20170123 10:11:57.266 - INFO - +---- START KW: keywords.TicTacToeKeywords.Get Mark [ ${row} | ${col} ]
20170123 10:11:57.272 - INFO - ${m} = O
20170123 10:11:57.274 - INFO - +---- END KW: keywords.TicTacToeKeywords.Get Mark (7)
20170123 10:11:57.276 - INFO - +---- START KW: BuiltIn.Should Be Equal [ ${m} | ${mark} ]
20170123 10:11:57.281 - INFO - +---- END KW: BuiltIn.Should Be Equal (5)
20170123 10:11:57.283 - INFO - +--- END KW: Check Location (22)
~~~~~~~~~~~~~~~~~~~~~~~~~~~~~~~~~~~~~~~~~~~~~~~~~~~~~~~~~~~~~~~~~~~~~~~~~~~~~~
20170123 10:11:57.285 - INFO - +--- START KW: keywords.TicTacToeKeywords.Mark Location [ 2 | 2 ]
20170123 10:11:57.292 - INFO - +--- END KW: keywords.TicTacToeKeywords.Mark Location (7)
~~~~~~~~~~~~~~~~~~~~~~~~~~~~~~~~~~~~~~~~~~~~~~~~~~~~~~~~~~~~~~~~~~~~~~~~~~~~~~
20170123 10:11:57.294 - INFO - +--- START KW: Check Location [ 2 | 2 | X ]
20170123 10:11:57.298 - INFO - +---- START KW: keywords.TicTacToeKeywords.Get Mark [ ${row} | ${col} ]
20170123 10:11:57.302 - INFO - ${m} = X
20170123 10:11:57.303 - INFO - +---- END KW: keywords.TicTacToeKeywords.Get Mark (4)
20170123 10:11:57.304 - INFO - +---- START KW: BuiltIn.Should Be Equal [ ${m} | ${mark} ]
20170123 10:11:57.309 - INFO - +---- END KW: BuiltIn.Should Be Equal (4)
20170123 10:11:57.310 - INFO - +--- END KW: Check Location (16)
~~~~~~~~~~~~~~~~~~~~~~~~~~~~~~~~~~~~~~~~~~~~~~~~~~~~~~~~~~~~~~~~~~~~~~~~~~~~~~
20170123 10:11:57.312 - INFO - +--- START KW: Winner Should Be [ TIE ]
20170123 10:11:57.316 - INFO - +---- START KW: keywords.TicTacToeKeywords.Get Winner [ ]
20170123 10:11:57.320 - INFO - ${m} = TIE
20170123 10:11:57.322 - INFO - +---- END KW: keywords.TicTacToeKeywords.Get Winner (5)
20170123 10:11:57.324 - INFO - +---- START KW: BuiltIn.Should Be Equal [ ${m} | ${mark} ]
20170123 10:11:57.330 - INFO - +---- END KW: BuiltIn.Should Be Equal (5)
20170123 10:11:57.332 - INFO - +--- END KW: Winner Should Be (20)
------------------------------------------------------------------------------
20170123 10:11:57.339 - INFO - +-- END TEST: Force a Tie (334)
------------------------------------------------------------------------------
20170123 10:11:57.361 - INFO - +- END SUITE: Acceptancetest.TicTacToeTests (1003)
==============================================================================
20170123 10:11:57.393 - INFO - + END SUITE: Acceptancetest (1396)
==============================================================================
